<?xml version="1.0" encoding="UTF-8"?>
<testsuite xmlns:xsi="http://www.w3.org/2001/XMLSchema-instance" xsi:noNamespaceSchemaLocation="https://maven.apache.org/surefire/maven-surefire-plugin/xsd/surefire-test-report.xsd" name="TestSuite" time="18.662" tests="4" errors="0" skipped="0" failures="0">
  <properties>
[...]
</properties>
  <testcase name="createNewBookingTest" classname="com.qa.bookingapi.tests.createBookingTest" time="4.08"/>
  <testcase name="getAllBookingsIDTest" classname="com.qa.bookingapi.tests.getAllBookingsTest" time="1.809"/>
  <testcase name="createNewBooking" classname="com.qa.bookingapi.tests.UpdateBookingTest" time="4.255"/>
  <testcase name="createNewBooking" classname="com.qa.bookingapi.tests.DeleteCreatedBookingTest" time="5.509"/>
</testsuite>